2023-05-12 23:26:34 -  - exec CUpdateClientPartner::__CollectRequestData
2023-05-12 23:26:34 -  - exec CUpdateClientPartner::GetHTTPPage
2023-05-12 23:26:35 -  - exec CUpdateClientPartner::ParseServerData
2023-05-12 23:26:35 -  - exec CUpdateClientPartner::GetUpdatesList
2023-05-12 23:26:35 -  - exec CUpdateClientPartner::__CollectRequestData
2023-05-12 23:26:35 -  - utf=Y&lang=ru&stable=Y&CANGZIP=Y&SUPD_DBS=MYSQL&XE=N&CLIENT_SITE=localhost&LICENSE_KEY=X&SUPD_STS=1&SUPD_URS=0&SUPD_URSA=1&TYPENC=D&CLIENT_PHPVER=8.0.22&NGINX=Y&dbv=8.0.30&instm=main%2C22.0.300%2CY%3Babtest%2C21.0.0%2CN%3Badvertising%2C21.100.0%2CN%3Bb24connector%2C21.100.0%2CN%3Bbitrix.eshop%2C21.0.200%2CN%3Bbitrix.sitecommunity%2C15.5.0%2CN%3Bbitrix.sitecorporate%2C15.5.0%2CN%3Bbitrix.siteinfoportal%2C15.5.0%2CN%3Bbitrix.sitepersonal%2C15.5.0%2CN%3Bbitrixcloud%2C22.0.0%2CN%3Bbizproc%2C22.0.0%2CN%3Bbizprocdesigner%2C21.500.0%2CN%3Bblog%2C21.300.0%2CN%3Bcalendar%2C22.100.0%2CN%3Bcatalog%2C22.100.200%2CN%3Bclouds%2C22.0.0%2CN%3Bconversion%2C22.0.0%2CN%3Bcurrency%2C22.0.0%2CN%3Bfileman%2C22.0.0%2CN%3Bform%2C21.0.0%2CN%3Bforum%2C21.300.100%2CN%3Bhighloadblock%2C22.200.0%2CN%3Biblock%2C21.800.300%2CN%3Bidea%2C21.0.0%2CN%3Bim%2C22.200.100%2CN%3Blanding%2C21.1300.200%2CN%3Blearning%2C21.0.0%2CN%3Blists%2C22.0.0%2CN%3Bmail%2C22.200.100%2CN%3Bmessageservice%2C22.200.100%2CN%3Bmobileapp%2C21.0.300%2CN%3Bperfmon%2C21.0.0%2CN%3Bphotogallery%2C21.200.0%2CN%3Bpull%2C22.0.0%2CN%3Breport%2C22.0.0%2CN%3Brest%2C22.0.100%2CN%3Bsale%2C22.100.50%2CN%3Bscale%2C21.0.0%2CN%3Bsearch%2C22.0.0%2CN%3Bsecurity%2C21.200.0%2CN%3Bsender%2C22.100.0%2CN%3Bseo%2C22.0.200%2CN%3Bsocialnetwork%2C22.200.201%2CN%3Bsocialservices%2C22.0.250%2CN%3Bstatistic%2C21.0.0%2CN%3Bstoreassist%2C21.0.0%2CN%3Bsubscribe%2C21.0.0%2CN%3Bsupport%2C21.0.0%2CN%3Btranslate%2C21.100.0%2CN%3Bui%2C22.400.50%2CN%3Bvote%2C21.0.100%2CN%3Bwebservice%2C21.0.0%2CN%3Bwiki%2C21.100.0%2CN%3Bworkflow%2C21.0.0%2CN&reqm=bitrix.eshop%2Cbitrix.sitecommunity%2Cbitrix.sitecorporate%2Cbitrix.siteinfoportal%2Cbitrix.sitepersonal&fullmoduleinfo=Y&SUPD_SRS=RU&SUPD_CMP=N
2023-05-12 23:26:35 -  - exec CUpdateClientPartner::GetHTTPPage
2023-05-12 23:26:36 -  - TIME GetUpdatesList(request) 1.359 sec
2023-05-12 23:26:36 -  - exec CUpdateClientPartner::ParseServerData
2023-05-12 23:26:36 -  - exec CUpdateClientPartner::__CollectRequestData
2023-05-12 23:26:36 -  - exec CUpdateClientPartner::GetHTTPPage
2023-05-12 23:26:37 -  - exec CUpdateClientPartner::ParseServerData
2023-05-14 00:10:46 -  - exec CUpdateClientPartner::__CollectRequestData
2023-05-14 00:10:46 -  - exec CUpdateClientPartner::GetHTTPPage
2023-05-14 00:10:48 -  - exec CUpdateClientPartner::ParseServerData
2023-05-14 00:10:48 -  - exec CUpdateClientPartner::GetUpdatesList
2023-05-14 00:10:48 -  - exec CUpdateClientPartner::__CollectRequestData
2023-05-14 00:10:48 -  - utf=Y&lang=ru&stable=Y&CANGZIP=Y&SUPD_DBS=MYSQL&XE=N&CLIENT_SITE=localhost&LICENSE_KEY=X&SUPD_STS=1&SUPD_URS=0&SUPD_URSA=1&TYPENC=D&CLIENT_PHPVER=8.0.22&NGINX=Y&dbv=8.0.30&instm=main%2C22.0.300%2CY%3Babtest%2C21.0.0%2CN%3Badvertising%2C21.100.0%2CN%3Bb24connector%2C21.100.0%2CN%3Bbitrix.eshop%2C21.0.200%2CN%3Bbitrix.sitecommunity%2C15.5.0%2CN%3Bbitrix.sitecorporate%2C15.5.0%2CN%3Bbitrix.siteinfoportal%2C15.5.0%2CN%3Bbitrix.sitepersonal%2C15.5.0%2CN%3Bbitrixcloud%2C22.0.0%2CN%3Bbizproc%2C22.0.0%2CN%3Bbizprocdesigner%2C21.500.0%2CN%3Bblog%2C21.300.0%2CN%3Bcalendar%2C22.100.0%2CN%3Bcatalog%2C22.100.200%2CN%3Bclouds%2C22.0.0%2CN%3Bconversion%2C22.0.0%2CN%3Bcurrency%2C22.0.0%2CN%3Bfileman%2C22.0.0%2CN%3Bform%2C21.0.0%2CN%3Bforum%2C21.300.100%2CN%3Bhighloadblock%2C22.200.0%2CN%3Biblock%2C21.800.300%2CN%3Bidea%2C21.0.0%2CN%3Bim%2C22.200.100%2CN%3Blanding%2C21.1300.200%2CN%3Blearning%2C21.0.0%2CN%3Blists%2C22.0.0%2CN%3Bmail%2C22.200.100%2CN%3Bmessageservice%2C22.200.100%2CN%3Bmobileapp%2C21.0.300%2CN%3Bperfmon%2C21.0.0%2CN%3Bphotogallery%2C21.200.0%2CN%3Bpull%2C22.0.0%2CN%3Breport%2C22.0.0%2CN%3Brest%2C22.0.100%2CN%3Bsale%2C22.100.50%2CN%3Bscale%2C21.0.0%2CN%3Bsearch%2C22.0.0%2CN%3Bsecurity%2C21.200.0%2CN%3Bsender%2C22.100.0%2CN%3Bseo%2C22.0.200%2CN%3Bsocialnetwork%2C22.200.201%2CN%3Bsocialservices%2C22.0.250%2CN%3Bstatistic%2C21.0.0%2CN%3Bstoreassist%2C21.0.0%2CN%3Bsubscribe%2C21.0.0%2CN%3Bsupport%2C21.0.0%2CN%3Btranslate%2C21.100.0%2CN%3Bui%2C22.400.50%2CN%3Bvote%2C21.0.100%2CN%3Bwebservice%2C21.0.0%2CN%3Bwiki%2C21.100.0%2CN%3Bworkflow%2C21.0.0%2CN&reqm=bitrix.eshop%2Cbitrix.sitecommunity%2Cbitrix.sitecorporate%2Cbitrix.siteinfoportal%2Cbitrix.sitepersonal&fullmoduleinfo=Y&SUPD_SRS=RU&SUPD_CMP=N
2023-05-14 00:10:48 -  - exec CUpdateClientPartner::GetHTTPPage
2023-05-14 00:10:49 -  - TIME GetUpdatesList(request) 1.335 sec
2023-05-14 00:10:49 -  - exec CUpdateClientPartner::ParseServerData
2023-05-14 00:10:49 -  - exec CUpdateClientPartner::__CollectRequestData
2023-05-14 00:10:49 -  - exec CUpdateClientPartner::GetHTTPPage
2023-05-14 00:10:50 -  - exec CUpdateClientPartner::ParseServerData
2023-05-14 00:11:03 -  - exec CUpdateClientPartner::__CollectRequestData
2023-05-14 00:11:03 -  - exec CUpdateClientPartner::GetHTTPPage
2023-05-14 00:11:04 -  - exec CUpdateClientPartner::ParseServerData
2023-05-14 00:11:04 -  - exec CUpdateClientPartner::GetUpdatesList
2023-05-14 00:11:04 -  - exec CUpdateClientPartner::__CollectRequestData
2023-05-14 00:11:04 -  - utf=Y&lang=ru&stable=Y&CANGZIP=Y&SUPD_DBS=MYSQL&XE=N&CLIENT_SITE=localhost&LICENSE_KEY=X&SUPD_STS=1&SUPD_URS=0&SUPD_URSA=1&TYPENC=D&CLIENT_PHPVER=8.0.22&NGINX=Y&dbv=8.0.30&instm=main%2C22.0.300%2CY%3Babtest%2C21.0.0%2CN%3Badvertising%2C21.100.0%2CN%3Bb24connector%2C21.100.0%2CN%3Bbitrix.eshop%2C21.0.200%2CN%3Bbitrix.sitecommunity%2C15.5.0%2CN%3Bbitrix.sitecorporate%2C15.5.0%2CN%3Bbitrix.siteinfoportal%2C15.5.0%2CN%3Bbitrix.sitepersonal%2C15.5.0%2CN%3Bbitrixcloud%2C22.0.0%2CN%3Bbizproc%2C22.0.0%2CN%3Bbizprocdesigner%2C21.500.0%2CN%3Bblog%2C21.300.0%2CN%3Bcalendar%2C22.100.0%2CN%3Bcatalog%2C22.100.200%2CN%3Bclouds%2C22.0.0%2CN%3Bconversion%2C22.0.0%2CN%3Bcurrency%2C22.0.0%2CN%3Bfileman%2C22.0.0%2CN%3Bform%2C21.0.0%2CN%3Bforum%2C21.300.100%2CN%3Bhighloadblock%2C22.200.0%2CN%3Biblock%2C21.800.300%2CN%3Bidea%2C21.0.0%2CN%3Bim%2C22.200.100%2CN%3Blanding%2C21.1300.200%2CN%3Blearning%2C21.0.0%2CN%3Blists%2C22.0.0%2CN%3Bmail%2C22.200.100%2CN%3Bmessageservice%2C22.200.100%2CN%3Bmobileapp%2C21.0.300%2CN%3Bperfmon%2C21.0.0%2CN%3Bphotogallery%2C21.200.0%2CN%3Bpull%2C22.0.0%2CN%3Breport%2C22.0.0%2CN%3Brest%2C22.0.100%2CN%3Bsale%2C22.100.50%2CN%3Bscale%2C21.0.0%2CN%3Bsearch%2C22.0.0%2CN%3Bsecurity%2C21.200.0%2CN%3Bsender%2C22.100.0%2CN%3Bseo%2C22.0.200%2CN%3Bsocialnetwork%2C22.200.201%2CN%3Bsocialservices%2C22.0.250%2CN%3Bstatistic%2C21.0.0%2CN%3Bstoreassist%2C21.0.0%2CN%3Bsubscribe%2C21.0.0%2CN%3Bsupport%2C21.0.0%2CN%3Btranslate%2C21.100.0%2CN%3Bui%2C22.400.50%2CN%3Bvote%2C21.0.100%2CN%3Bwebservice%2C21.0.0%2CN%3Bwiki%2C21.100.0%2CN%3Bworkflow%2C21.0.0%2CN&reqm=bitrix.eshop%2Cbitrix.sitecommunity%2Cbitrix.sitecorporate%2Cbitrix.siteinfoportal%2Cbitrix.sitepersonal&fullmoduleinfo=Y&SUPD_SRS=RU&SUPD_CMP=N
2023-05-14 00:11:04 -  - exec CUpdateClientPartner::GetHTTPPage
2023-05-14 00:11:05 -  - TIME GetUpdatesList(request) 1.12 sec
2023-05-14 00:11:05 -  - exec CUpdateClientPartner::ParseServerData
2023-05-14 00:11:05 -  - exec CUpdateClientPartner::__CollectRequestData
2023-05-14 00:11:05 -  - exec CUpdateClientPartner::GetHTTPPage
2023-05-14 00:11:05 -  - exec CUpdateClientPartner::ParseServerData
2023-05-14 00:11:06 -  - exec CUpdateClientPartner::__CollectRequestData
2023-05-14 00:11:06 -  - exec CUpdateClientPartner::GetHTTPPage
2023-05-14 00:11:07 -  - exec CUpdateClientPartner::ParseServerData
2023-05-14 00:11:07 -  - exec CUpdateClientPartner::GetUpdatesList
2023-05-14 00:11:07 -  - exec CUpdateClientPartner::__CollectRequestData
2023-05-14 00:11:07 -  - utf=Y&lang=ru&stable=Y&CANGZIP=Y&SUPD_DBS=MYSQL&XE=N&CLIENT_SITE=localhost&LICENSE_KEY=X&SUPD_STS=1&SUPD_URS=0&SUPD_URSA=1&TYPENC=D&CLIENT_PHPVER=8.0.22&NGINX=Y&dbv=8.0.30&instm=main%2C22.0.300%2CY%3Babtest%2C21.0.0%2CN%3Badvertising%2C21.100.0%2CN%3Bb24connector%2C21.100.0%2CN%3Bbitrix.eshop%2C21.0.200%2CN%3Bbitrix.sitecommunity%2C15.5.0%2CN%3Bbitrix.sitecorporate%2C15.5.0%2CN%3Bbitrix.siteinfoportal%2C15.5.0%2CN%3Bbitrix.sitepersonal%2C15.5.0%2CN%3Bbitrixcloud%2C22.0.0%2CN%3Bbizproc%2C22.0.0%2CN%3Bbizprocdesigner%2C21.500.0%2CN%3Bblog%2C21.300.0%2CN%3Bcalendar%2C22.100.0%2CN%3Bcatalog%2C22.100.200%2CN%3Bclouds%2C22.0.0%2CN%3Bconversion%2C22.0.0%2CN%3Bcurrency%2C22.0.0%2CN%3Bfileman%2C22.0.0%2CN%3Bform%2C21.0.0%2CN%3Bforum%2C21.300.100%2CN%3Bhighloadblock%2C22.200.0%2CN%3Biblock%2C21.800.300%2CN%3Bidea%2C21.0.0%2CN%3Bim%2C22.200.100%2CN%3Blanding%2C21.1300.200%2CN%3Blearning%2C21.0.0%2CN%3Blists%2C22.0.0%2CN%3Bmail%2C22.200.100%2CN%3Bmessageservice%2C22.200.100%2CN%3Bmobileapp%2C21.0.300%2CN%3Bperfmon%2C21.0.0%2CN%3Bphotogallery%2C21.200.0%2CN%3Bpull%2C22.0.0%2CN%3Breport%2C22.0.0%2CN%3Brest%2C22.0.100%2CN%3Bsale%2C22.100.50%2CN%3Bscale%2C21.0.0%2CN%3Bsearch%2C22.0.0%2CN%3Bsecurity%2C21.200.0%2CN%3Bsender%2C22.100.0%2CN%3Bseo%2C22.0.200%2CN%3Bsocialnetwork%2C22.200.201%2CN%3Bsocialservices%2C22.0.250%2CN%3Bstatistic%2C21.0.0%2CN%3Bstoreassist%2C21.0.0%2CN%3Bsubscribe%2C21.0.0%2CN%3Bsupport%2C21.0.0%2CN%3Btranslate%2C21.100.0%2CN%3Bui%2C22.400.50%2CN%3Bvote%2C21.0.100%2CN%3Bwebservice%2C21.0.0%2CN%3Bwiki%2C21.100.0%2CN%3Bworkflow%2C21.0.0%2CN&reqm=bitrix.eshop%2Cbitrix.sitecommunity%2Cbitrix.sitecorporate%2Cbitrix.siteinfoportal%2Cbitrix.sitepersonal&fullmoduleinfo=Y&SUPD_SRS=RU&SUPD_CMP=N
2023-05-14 00:11:07 -  - exec CUpdateClientPartner::GetHTTPPage
2023-05-14 00:11:09 -  - TIME GetUpdatesList(request) 1.529 sec
2023-05-14 00:11:09 -  - exec CUpdateClientPartner::ParseServerData
2023-05-14 00:11:09 -  - exec CUpdateClientPartner::__CollectRequestData
2023-05-14 00:11:09 -  - exec CUpdateClientPartner::GetHTTPPage
2023-05-14 00:11:09 -  - exec CUpdateClientPartner::ParseServerData
2023-05-14 00:11:10 -  - exec CUpdateClientPartner::__CollectRequestData
2023-05-14 00:11:10 -  - exec CUpdateClientPartner::GetHTTPPage
2023-05-14 00:11:11 -  - exec CUpdateClientPartner::ParseServerData
2023-05-14 00:11:11 -  - exec CUpdateClientPartner::GetUpdatesList
2023-05-14 00:11:11 -  - exec CUpdateClientPartner::__CollectRequestData
2023-05-14 00:11:11 -  - utf=Y&lang=ru&stable=Y&CANGZIP=Y&SUPD_DBS=MYSQL&XE=N&CLIENT_SITE=localhost&LICENSE_KEY=X&SUPD_STS=1&SUPD_URS=0&SUPD_URSA=1&TYPENC=D&CLIENT_PHPVER=8.0.22&NGINX=Y&dbv=8.0.30&instm=main%2C22.0.300%2CY%3Babtest%2C21.0.0%2CN%3Badvertising%2C21.100.0%2CN%3Bb24connector%2C21.100.0%2CN%3Bbitrix.eshop%2C21.0.200%2CN%3Bbitrix.sitecommunity%2C15.5.0%2CN%3Bbitrix.sitecorporate%2C15.5.0%2CN%3Bbitrix.siteinfoportal%2C15.5.0%2CN%3Bbitrix.sitepersonal%2C15.5.0%2CN%3Bbitrixcloud%2C22.0.0%2CN%3Bbizproc%2C22.0.0%2CN%3Bbizprocdesigner%2C21.500.0%2CN%3Bblog%2C21.300.0%2CN%3Bcalendar%2C22.100.0%2CN%3Bcatalog%2C22.100.200%2CN%3Bclouds%2C22.0.0%2CN%3Bconversion%2C22.0.0%2CN%3Bcurrency%2C22.0.0%2CN%3Bfileman%2C22.0.0%2CN%3Bform%2C21.0.0%2CN%3Bforum%2C21.300.100%2CN%3Bhighloadblock%2C22.200.0%2CN%3Biblock%2C21.800.300%2CN%3Bidea%2C21.0.0%2CN%3Bim%2C22.200.100%2CN%3Blanding%2C21.1300.200%2CN%3Blearning%2C21.0.0%2CN%3Blists%2C22.0.0%2CN%3Bmail%2C22.200.100%2CN%3Bmessageservice%2C22.200.100%2CN%3Bmobileapp%2C21.0.300%2CN%3Bperfmon%2C21.0.0%2CN%3Bphotogallery%2C21.200.0%2CN%3Bpull%2C22.0.0%2CN%3Breport%2C22.0.0%2CN%3Brest%2C22.0.100%2CN%3Bsale%2C22.100.50%2CN%3Bscale%2C21.0.0%2CN%3Bsearch%2C22.0.0%2CN%3Bsecurity%2C21.200.0%2CN%3Bsender%2C22.100.0%2CN%3Bseo%2C22.0.200%2CN%3Bsocialnetwork%2C22.200.201%2CN%3Bsocialservices%2C22.0.250%2CN%3Bstatistic%2C21.0.0%2CN%3Bstoreassist%2C21.0.0%2CN%3Bsubscribe%2C21.0.0%2CN%3Bsupport%2C21.0.0%2CN%3Btranslate%2C21.100.0%2CN%3Bui%2C22.400.50%2CN%3Bvote%2C21.0.100%2CN%3Bwebservice%2C21.0.0%2CN%3Bwiki%2C21.100.0%2CN%3Bworkflow%2C21.0.0%2CN&reqm=bitrix.eshop%2Cbitrix.sitecommunity%2Cbitrix.sitecorporate%2Cbitrix.siteinfoportal%2Cbitrix.sitepersonal&fullmoduleinfo=Y&SUPD_SRS=RU&SUPD_CMP=N
2023-05-14 00:11:11 -  - exec CUpdateClientPartner::GetHTTPPage
2023-05-14 00:11:12 -  - TIME GetUpdatesList(request) 0.51 sec
2023-05-14 00:11:12 -  - exec CUpdateClientPartner::ParseServerData
2023-05-14 00:11:12 -  - exec CUpdateClientPartner::__CollectRequestData
2023-05-14 00:11:12 -  - exec CUpdateClientPartner::GetHTTPPage
2023-05-14 00:11:12 -  - exec CUpdateClientPartner::ParseServerData
2023-05-14 00:11:13 -  - exec CUpdateClientPartner::__CollectRequestData
2023-05-14 00:11:13 -  - exec CUpdateClientPartner::GetHTTPPage
2023-05-14 00:11:16 -  - exec CUpdateClientPartner::ParseServerData
2023-05-14 00:11:16 -  - exec CUpdateClientPartner::GetUpdatesList
2023-05-14 00:11:16 -  - exec CUpdateClientPartner::__CollectRequestData
2023-05-14 00:11:16 -  - utf=Y&lang=ru&stable=Y&CANGZIP=Y&SUPD_DBS=MYSQL&XE=N&CLIENT_SITE=localhost&LICENSE_KEY=X&SUPD_STS=1&SUPD_URS=0&SUPD_URSA=1&TYPENC=D&CLIENT_PHPVER=8.0.22&NGINX=Y&dbv=8.0.30&instm=main%2C22.0.300%2CY%3Babtest%2C21.0.0%2CN%3Badvertising%2C21.100.0%2CN%3Bb24connector%2C21.100.0%2CN%3Bbitrix.eshop%2C21.0.200%2CN%3Bbitrix.sitecommunity%2C15.5.0%2CN%3Bbitrix.sitecorporate%2C15.5.0%2CN%3Bbitrix.siteinfoportal%2C15.5.0%2CN%3Bbitrix.sitepersonal%2C15.5.0%2CN%3Bbitrixcloud%2C22.0.0%2CN%3Bbizproc%2C22.0.0%2CN%3Bbizprocdesigner%2C21.500.0%2CN%3Bblog%2C21.300.0%2CN%3Bcalendar%2C22.100.0%2CN%3Bcatalog%2C22.100.200%2CN%3Bclouds%2C22.0.0%2CN%3Bconversion%2C22.0.0%2CN%3Bcurrency%2C22.0.0%2CN%3Bfileman%2C22.0.0%2CN%3Bform%2C21.0.0%2CN%3Bforum%2C21.300.100%2CN%3Bhighloadblock%2C22.200.0%2CN%3Biblock%2C21.800.300%2CN%3Bidea%2C21.0.0%2CN%3Bim%2C22.200.100%2CN%3Blanding%2C21.1300.200%2CN%3Blearning%2C21.0.0%2CN%3Blists%2C22.0.0%2CN%3Bmail%2C22.200.100%2CN%3Bmessageservice%2C22.200.100%2CN%3Bmobileapp%2C21.0.300%2CN%3Bperfmon%2C21.0.0%2CN%3Bphotogallery%2C21.200.0%2CN%3Bpull%2C22.0.0%2CN%3Breport%2C22.0.0%2CN%3Brest%2C22.0.100%2CN%3Bsale%2C22.100.50%2CN%3Bscale%2C21.0.0%2CN%3Bsearch%2C22.0.0%2CN%3Bsecurity%2C21.200.0%2CN%3Bsender%2C22.100.0%2CN%3Bseo%2C22.0.200%2CN%3Bsocialnetwork%2C22.200.201%2CN%3Bsocialservices%2C22.0.250%2CN%3Bstatistic%2C21.0.0%2CN%3Bstoreassist%2C21.0.0%2CN%3Bsubscribe%2C21.0.0%2CN%3Bsupport%2C21.0.0%2CN%3Btranslate%2C21.100.0%2CN%3Bui%2C22.400.50%2CN%3Bvote%2C21.0.100%2CN%3Bwebservice%2C21.0.0%2CN%3Bwiki%2C21.100.0%2CN%3Bworkflow%2C21.0.0%2CN&reqm=bitrix.eshop%2Cbitrix.sitecommunity%2Cbitrix.sitecorporate%2Cbitrix.siteinfoportal%2Cbitrix.sitepersonal&fullmoduleinfo=Y&SUPD_SRS=RU&SUPD_CMP=N
2023-05-14 00:11:16 -  - exec CUpdateClientPartner::GetHTTPPage
2023-05-14 00:11:17 -  - TIME GetUpdatesList(request) 0.886 sec
2023-05-14 00:11:17 -  - exec CUpdateClientPartner::ParseServerData
2023-05-14 00:11:17 -  - exec CUpdateClientPartner::__CollectRequestData
2023-05-14 00:11:17 -  - exec CUpdateClientPartner::GetHTTPPage
2023-05-14 00:11:19 -  - exec CUpdateClientPartner::ParseServerData
2023-05-14 00:11:21 -  - exec CUpdateClientPartner::__CollectRequestData
2023-05-14 00:11:21 -  - exec CUpdateClientPartner::GetHTTPPage
2023-05-14 00:11:24 -  - exec CUpdateClientPartner::ParseServerData
2023-05-14 00:11:24 -  - exec CUpdateClientPartner::GetUpdatesList
2023-05-14 00:11:24 -  - exec CUpdateClientPartner::__CollectRequestData
2023-05-14 00:11:24 -  - utf=Y&lang=ru&stable=Y&CANGZIP=Y&SUPD_DBS=MYSQL&XE=N&CLIENT_SITE=localhost&LICENSE_KEY=X&SUPD_STS=1&SUPD_URS=0&SUPD_URSA=1&TYPENC=D&CLIENT_PHPVER=8.0.22&NGINX=Y&dbv=8.0.30&instm=main%2C22.0.300%2CY%3Babtest%2C21.0.0%2CN%3Badvertising%2C21.100.0%2CN%3Bb24connector%2C21.100.0%2CN%3Bbitrix.eshop%2C21.0.200%2CN%3Bbitrix.sitecommunity%2C15.5.0%2CN%3Bbitrix.sitecorporate%2C15.5.0%2CN%3Bbitrix.siteinfoportal%2C15.5.0%2CN%3Bbitrix.sitepersonal%2C15.5.0%2CN%3Bbitrixcloud%2C22.0.0%2CN%3Bbizproc%2C22.0.0%2CN%3Bbizprocdesigner%2C21.500.0%2CN%3Bblog%2C21.300.0%2CN%3Bcalendar%2C22.100.0%2CN%3Bcatalog%2C22.100.200%2CN%3Bclouds%2C22.0.0%2CN%3Bconversion%2C22.0.0%2CN%3Bcurrency%2C22.0.0%2CN%3Bfileman%2C22.0.0%2CN%3Bform%2C21.0.0%2CN%3Bforum%2C21.300.100%2CN%3Bhighloadblock%2C22.200.0%2CN%3Biblock%2C21.800.300%2CN%3Bidea%2C21.0.0%2CN%3Bim%2C22.200.100%2CN%3Blanding%2C21.1300.200%2CN%3Blearning%2C21.0.0%2CN%3Blists%2C22.0.0%2CN%3Bmail%2C22.200.100%2CN%3Bmessageservice%2C22.200.100%2CN%3Bmobileapp%2C21.0.300%2CN%3Bperfmon%2C21.0.0%2CN%3Bphotogallery%2C21.200.0%2CN%3Bpull%2C22.0.0%2CN%3Breport%2C22.0.0%2CN%3Brest%2C22.0.100%2CN%3Bsale%2C22.100.50%2CN%3Bscale%2C21.0.0%2CN%3Bsearch%2C22.0.0%2CN%3Bsecurity%2C21.200.0%2CN%3Bsender%2C22.100.0%2CN%3Bseo%2C22.0.200%2CN%3Bsocialnetwork%2C22.200.201%2CN%3Bsocialservices%2C22.0.250%2CN%3Bstatistic%2C21.0.0%2CN%3Bstoreassist%2C21.0.0%2CN%3Bsubscribe%2C21.0.0%2CN%3Bsupport%2C21.0.0%2CN%3Btranslate%2C21.100.0%2CN%3Bui%2C22.400.50%2CN%3Bvote%2C21.0.100%2CN%3Bwebservice%2C21.0.0%2CN%3Bwiki%2C21.100.0%2CN%3Bworkflow%2C21.0.0%2CN&reqm=bitrix.eshop%2Cbitrix.sitecommunity%2Cbitrix.sitecorporate%2Cbitrix.siteinfoportal%2Cbitrix.sitepersonal&fullmoduleinfo=Y&SUPD_SRS=RU&SUPD_CMP=N
2023-05-14 00:11:24 -  - exec CUpdateClientPartner::GetHTTPPage
2023-05-14 00:11:28 -  - TIME GetUpdatesList(request) 3.529 sec
2023-05-14 00:11:28 -  - exec CUpdateClientPartner::ParseServerData
2023-05-14 00:11:28 -  - exec CUpdateClientPartner::__CollectRequestData
2023-05-14 00:11:28 -  - exec CUpdateClientPartner::GetHTTPPage
2023-05-16 20:10:09 -  - exec CUpdateClientPartner::__CollectRequestData
2023-05-16 20:10:10 -  - exec CUpdateClientPartner::GetHTTPPage
2023-05-16 20:10:11 -  - exec CUpdateClientPartner::ParseServerData
2023-05-16 20:10:11 -  - exec CUpdateClientPartner::GetUpdatesList
2023-05-16 20:10:11 -  - exec CUpdateClientPartner::__CollectRequestData
2023-05-16 20:10:11 -  - utf=Y&lang=ru&stable=Y&CANGZIP=Y&SUPD_DBS=MYSQL&XE=N&CLIENT_SITE=localhost&LICENSE_KEY=X&SUPD_STS=1&SUPD_URS=0&SUPD_URSA=1&TYPENC=D&CLIENT_PHPVER=8.0.22&NGINX=Y&dbv=8.0.30&instm=main%2C22.0.300%2CY%3Babtest%2C21.0.0%2CN%3Badvertising%2C21.100.0%2CN%3Bb24connector%2C21.100.0%2CN%3Bbitrix.eshop%2C21.0.200%2CN%3Bbitrix.sitecommunity%2C15.5.0%2CN%3Bbitrix.sitecorporate%2C15.5.0%2CN%3Bbitrix.siteinfoportal%2C15.5.0%2CN%3Bbitrix.sitepersonal%2C15.5.0%2CN%3Bbitrixcloud%2C22.0.0%2CN%3Bbizproc%2C22.0.0%2CN%3Bbizprocdesigner%2C21.500.0%2CN%3Bblog%2C21.300.0%2CN%3Bcalendar%2C22.100.0%2CN%3Bcatalog%2C22.100.200%2CN%3Bclouds%2C22.0.0%2CN%3Bconversion%2C22.0.0%2CN%3Bcurrency%2C22.0.0%2CN%3Bfileman%2C22.0.0%2CN%3Bform%2C21.0.0%2CN%3Bforum%2C21.300.100%2CN%3Bhighloadblock%2C22.200.0%2CN%3Biblock%2C21.800.300%2CN%3Bidea%2C21.0.0%2CN%3Bim%2C22.200.100%2CN%3Blanding%2C21.1300.200%2CN%3Blearning%2C21.0.0%2CN%3Blists%2C22.0.0%2CN%3Bmail%2C22.200.100%2CN%3Bmessageservice%2C22.200.100%2CN%3Bmobileapp%2C21.0.300%2CN%3Bperfmon%2C21.0.0%2CN%3Bphotogallery%2C21.200.0%2CN%3Bpull%2C22.0.0%2CN%3Breport%2C22.0.0%2CN%3Brest%2C22.0.100%2CN%3Bsale%2C22.100.50%2CN%3Bscale%2C21.0.0%2CN%3Bsearch%2C22.0.0%2CN%3Bsecurity%2C21.200.0%2CN%3Bsender%2C22.100.0%2CN%3Bseo%2C22.0.200%2CN%3Bsocialnetwork%2C22.200.201%2CN%3Bsocialservices%2C22.0.250%2CN%3Bstatistic%2C21.0.0%2CN%3Bstoreassist%2C21.0.0%2CN%3Bsubscribe%2C21.0.0%2CN%3Bsupport%2C21.0.0%2CN%3Btranslate%2C21.100.0%2CN%3Bui%2C22.400.50%2CN%3Bvote%2C21.0.100%2CN%3Bwebservice%2C21.0.0%2CN%3Bwiki%2C21.100.0%2CN%3Bworkflow%2C21.0.0%2CN&reqm=bitrix.eshop%2Cbitrix.sitecommunity%2Cbitrix.sitecorporate%2Cbitrix.siteinfoportal%2Cbitrix.sitepersonal&fullmoduleinfo=Y&SUPD_SRS=RU&SUPD_CMP=N
2023-05-16 20:10:11 -  - exec CUpdateClientPartner::GetHTTPPage
2023-05-16 20:10:12 -  - TIME GetUpdatesList(request) 0.951 sec
2023-05-16 20:10:12 -  - exec CUpdateClientPartner::ParseServerData
2023-05-16 20:10:12 -  - exec CUpdateClientPartner::__CollectRequestData
2023-05-16 20:10:12 -  - exec CUpdateClientPartner::GetHTTPPage
2023-05-16 20:10:13 -  - exec CUpdateClientPartner::ParseServerData
2023-05-16 20:10:14 -  - exec CUpdateClientPartner::__CollectRequestData
2023-05-16 20:10:14 -  - exec CUpdateClientPartner::GetHTTPPage
2023-05-16 20:10:15 -  - exec CUpdateClientPartner::ParseServerData
2023-05-16 20:10:15 -  - exec CUpdateClientPartner::GetUpdatesList
2023-05-16 20:10:15 -  - exec CUpdateClientPartner::__CollectRequestData
2023-05-16 20:10:15 -  - utf=Y&lang=ru&stable=Y&CANGZIP=Y&SUPD_DBS=MYSQL&XE=N&CLIENT_SITE=localhost&LICENSE_KEY=X&SUPD_STS=1&SUPD_URS=0&SUPD_URSA=1&TYPENC=D&CLIENT_PHPVER=8.0.22&NGINX=Y&dbv=8.0.30&instm=main%2C22.0.300%2CY%3Babtest%2C21.0.0%2CN%3Badvertising%2C21.100.0%2CN%3Bb24connector%2C21.100.0%2CN%3Bbitrix.eshop%2C21.0.200%2CN%3Bbitrix.sitecommunity%2C15.5.0%2CN%3Bbitrix.sitecorporate%2C15.5.0%2CN%3Bbitrix.siteinfoportal%2C15.5.0%2CN%3Bbitrix.sitepersonal%2C15.5.0%2CN%3Bbitrixcloud%2C22.0.0%2CN%3Bbizproc%2C22.0.0%2CN%3Bbizprocdesigner%2C21.500.0%2CN%3Bblog%2C21.300.0%2CN%3Bcalendar%2C22.100.0%2CN%3Bcatalog%2C22.100.200%2CN%3Bclouds%2C22.0.0%2CN%3Bconversion%2C22.0.0%2CN%3Bcurrency%2C22.0.0%2CN%3Bfileman%2C22.0.0%2CN%3Bform%2C21.0.0%2CN%3Bforum%2C21.300.100%2CN%3Bhighloadblock%2C22.200.0%2CN%3Biblock%2C21.800.300%2CN%3Bidea%2C21.0.0%2CN%3Bim%2C22.200.100%2CN%3Blanding%2C21.1300.200%2CN%3Blearning%2C21.0.0%2CN%3Blists%2C22.0.0%2CN%3Bmail%2C22.200.100%2CN%3Bmessageservice%2C22.200.100%2CN%3Bmobileapp%2C21.0.300%2CN%3Bperfmon%2C21.0.0%2CN%3Bphotogallery%2C21.200.0%2CN%3Bpull%2C22.0.0%2CN%3Breport%2C22.0.0%2CN%3Brest%2C22.0.100%2CN%3Bsale%2C22.100.50%2CN%3Bscale%2C21.0.0%2CN%3Bsearch%2C22.0.0%2CN%3Bsecurity%2C21.200.0%2CN%3Bsender%2C22.100.0%2CN%3Bseo%2C22.0.200%2CN%3Bsocialnetwork%2C22.200.201%2CN%3Bsocialservices%2C22.0.250%2CN%3Bstatistic%2C21.0.0%2CN%3Bstoreassist%2C21.0.0%2CN%3Bsubscribe%2C21.0.0%2CN%3Bsupport%2C21.0.0%2CN%3Btranslate%2C21.100.0%2CN%3Bui%2C22.400.50%2CN%3Bvote%2C21.0.100%2CN%3Bwebservice%2C21.0.0%2CN%3Bwiki%2C21.100.0%2CN%3Bworkflow%2C21.0.0%2CN&reqm=bitrix.eshop%2Cbitrix.sitecommunity%2Cbitrix.sitecorporate%2Cbitrix.siteinfoportal%2Cbitrix.sitepersonal&fullmoduleinfo=Y&SUPD_SRS=RU&SUPD_CMP=N
2023-05-16 20:10:15 -  - exec CUpdateClientPartner::GetHTTPPage
2023-05-16 20:10:16 -  - TIME GetUpdatesList(request) 1.036 sec
2023-05-16 20:10:16 -  - exec CUpdateClientPartner::ParseServerData
2023-05-16 20:10:16 -  - exec CUpdateClientPartner::__CollectRequestData
2023-05-16 20:10:16 -  - exec CUpdateClientPartner::GetHTTPPage
2023-05-16 20:10:17 -  - exec CUpdateClientPartner::ParseServerData
2023-05-17 23:02:24 -  - exec CUpdateClientPartner::__CollectRequestData
2023-05-17 23:02:24 -  - exec CUpdateClientPartner::GetHTTPPage
2023-05-17 23:02:26 -  - exec CUpdateClientPartner::ParseServerData
2023-05-17 23:02:27 -  - exec CUpdateClientPartner::GetUpdatesList
2023-05-17 23:02:27 -  - exec CUpdateClientPartner::__CollectRequestData
2023-05-17 23:02:27 -  - utf=Y&lang=ru&stable=Y&CANGZIP=Y&SUPD_DBS=MYSQL&XE=N&CLIENT_SITE=localhost&LICENSE_KEY=X&SUPD_STS=1&SUPD_URS=0&SUPD_URSA=1&TYPENC=D&CLIENT_PHPVER=8.0.22&NGINX=Y&dbv=8.0.30&instm=main%2C22.0.300%2CY%3Babtest%2C21.0.0%2CN%3Badvertising%2C21.100.0%2CN%3Bb24connector%2C21.100.0%2CN%3Bbitrix.eshop%2C21.0.200%2CN%3Bbitrix.sitecommunity%2C15.5.0%2CN%3Bbitrix.sitecorporate%2C15.5.0%2CN%3Bbitrix.siteinfoportal%2C15.5.0%2CN%3Bbitrix.sitepersonal%2C15.5.0%2CN%3Bbitrixcloud%2C22.0.0%2CN%3Bbizproc%2C22.0.0%2CN%3Bbizprocdesigner%2C21.500.0%2CN%3Bblog%2C21.300.0%2CN%3Bcalendar%2C22.100.0%2CN%3Bcatalog%2C22.100.200%2CN%3Bclouds%2C22.0.0%2CN%3Bconversion%2C22.0.0%2CN%3Bcurrency%2C22.0.0%2CN%3Bfileman%2C22.0.0%2CN%3Bform%2C21.0.0%2CN%3Bforum%2C21.300.100%2CN%3Bhighloadblock%2C22.200.0%2CN%3Biblock%2C21.800.300%2CN%3Bidea%2C21.0.0%2CN%3Bim%2C22.200.100%2CN%3Blanding%2C21.1300.200%2CN%3Blearning%2C21.0.0%2CN%3Blists%2C22.0.0%2CN%3Bmail%2C22.200.100%2CN%3Bmessageservice%2C22.200.100%2CN%3Bmobileapp%2C21.0.300%2CN%3Bperfmon%2C21.0.0%2CN%3Bphotogallery%2C21.200.0%2CN%3Bpull%2C22.0.0%2CN%3Breport%2C22.0.0%2CN%3Brest%2C22.0.100%2CN%3Bsale%2C22.100.50%2CN%3Bscale%2C21.0.0%2CN%3Bsearch%2C22.0.0%2CN%3Bsecurity%2C21.200.0%2CN%3Bsender%2C22.100.0%2CN%3Bseo%2C22.0.200%2CN%3Bsocialnetwork%2C22.200.201%2CN%3Bsocialservices%2C22.0.250%2CN%3Bstatistic%2C21.0.0%2CN%3Bstoreassist%2C21.0.0%2CN%3Bsubscribe%2C21.0.0%2CN%3Bsupport%2C21.0.0%2CN%3Btranslate%2C21.100.0%2CN%3Bui%2C22.400.50%2CN%3Bvote%2C21.0.100%2CN%3Bwebservice%2C21.0.0%2CN%3Bwiki%2C21.100.0%2CN%3Bworkflow%2C21.0.0%2CN&reqm=bitrix.eshop%2Cbitrix.sitecommunity%2Cbitrix.sitecorporate%2Cbitrix.siteinfoportal%2Cbitrix.sitepersonal&fullmoduleinfo=Y&SUPD_SRS=RU&SUPD_CMP=N
2023-05-17 23:02:27 -  - exec CUpdateClientPartner::GetHTTPPage
2023-05-17 23:02:28 -  - TIME GetUpdatesList(request) 0.744 sec
2023-05-17 23:02:28 -  - exec CUpdateClientPartner::ParseServerData
2023-05-17 23:02:28 -  - exec CUpdateClientPartner::__CollectRequestData
2023-05-17 23:02:28 -  - exec CUpdateClientPartner::GetHTTPPage
2023-05-17 23:02:28 -  - exec CUpdateClientPartner::__CollectRequestData
2023-05-17 23:02:28 -  - exec CUpdateClientPartner::GetHTTPPage
2023-05-17 23:02:28 -  - exec CUpdateClientPartner::ParseServerData
2023-05-17 23:02:29 -  - exec CUpdateClientPartner::ParseServerData
2023-05-17 23:02:29 -  - exec CUpdateClientPartner::GetUpdatesList
2023-05-17 23:02:29 -  - exec CUpdateClientPartner::__CollectRequestData
2023-05-17 23:02:29 -  - utf=Y&lang=ru&stable=Y&CANGZIP=Y&SUPD_DBS=MYSQL&XE=N&CLIENT_SITE=localhost&LICENSE_KEY=X&SUPD_STS=1&SUPD_URS=0&SUPD_URSA=1&TYPENC=D&CLIENT_PHPVER=8.0.22&NGINX=Y&dbv=8.0.30&instm=main%2C22.0.300%2CY%3Babtest%2C21.0.0%2CN%3Badvertising%2C21.100.0%2CN%3Bb24connector%2C21.100.0%2CN%3Bbitrix.eshop%2C21.0.200%2CN%3Bbitrix.sitecommunity%2C15.5.0%2CN%3Bbitrix.sitecorporate%2C15.5.0%2CN%3Bbitrix.siteinfoportal%2C15.5.0%2CN%3Bbitrix.sitepersonal%2C15.5.0%2CN%3Bbitrixcloud%2C22.0.0%2CN%3Bbizproc%2C22.0.0%2CN%3Bbizprocdesigner%2C21.500.0%2CN%3Bblog%2C21.300.0%2CN%3Bcalendar%2C22.100.0%2CN%3Bcatalog%2C22.100.200%2CN%3Bclouds%2C22.0.0%2CN%3Bconversion%2C22.0.0%2CN%3Bcurrency%2C22.0.0%2CN%3Bfileman%2C22.0.0%2CN%3Bform%2C21.0.0%2CN%3Bforum%2C21.300.100%2CN%3Bhighloadblock%2C22.200.0%2CN%3Biblock%2C21.800.300%2CN%3Bidea%2C21.0.0%2CN%3Bim%2C22.200.100%2CN%3Blanding%2C21.1300.200%2CN%3Blearning%2C21.0.0%2CN%3Blists%2C22.0.0%2CN%3Bmail%2C22.200.100%2CN%3Bmessageservice%2C22.200.100%2CN%3Bmobileapp%2C21.0.300%2CN%3Bperfmon%2C21.0.0%2CN%3Bphotogallery%2C21.200.0%2CN%3Bpull%2C22.0.0%2CN%3Breport%2C22.0.0%2CN%3Brest%2C22.0.100%2CN%3Bsale%2C22.100.50%2CN%3Bscale%2C21.0.0%2CN%3Bsearch%2C22.0.0%2CN%3Bsecurity%2C21.200.0%2CN%3Bsender%2C22.100.0%2CN%3Bseo%2C22.0.200%2CN%3Bsocialnetwork%2C22.200.201%2CN%3Bsocialservices%2C22.0.250%2CN%3Bstatistic%2C21.0.0%2CN%3Bstoreassist%2C21.0.0%2CN%3Bsubscribe%2C21.0.0%2CN%3Bsupport%2C21.0.0%2CN%3Btranslate%2C21.100.0%2CN%3Bui%2C22.400.50%2CN%3Bvote%2C21.0.100%2CN%3Bwebservice%2C21.0.0%2CN%3Bwiki%2C21.100.0%2CN%3Bworkflow%2C21.0.0%2CN&reqm=bitrix.eshop%2Cbitrix.sitecommunity%2Cbitrix.sitecorporate%2Cbitrix.siteinfoportal%2Cbitrix.sitepersonal&fullmoduleinfo=Y&SUPD_SRS=RU&SUPD_CMP=N
2023-05-17 23:02:29 -  - exec CUpdateClientPartner::GetHTTPPage
2023-05-17 23:02:30 -  - TIME GetUpdatesList(request) 1.083 sec
2023-05-17 23:02:30 -  - exec CUpdateClientPartner::ParseServerData
2023-05-17 23:02:30 -  - exec CUpdateClientPartner::__CollectRequestData
2023-05-17 23:02:30 -  - exec CUpdateClientPartner::GetHTTPPage
2023-05-17 23:02:31 -  - exec CUpdateClientPartner::ParseServerData
2023-05-19 22:09:28 -  - exec CUpdateClientPartner::__CollectRequestData
2023-05-19 22:09:28 -  - exec CUpdateClientPartner::GetHTTPPage
2023-05-19 22:09:30 - ERRCONN - Error connecting 2 www.1c-bitrix.ru: [0] php_network_getaddresses: getaddrinfo failed: Этот хост неизвестен. 
2023-05-19 22:09:30 -  - exec CUpdateClientPartner::GetUpdatesList
2023-05-19 22:09:30 -  - exec CUpdateClientPartner::__CollectRequestData
2023-05-19 22:09:30 -  - utf=Y&lang=ru&stable=Y&CANGZIP=Y&SUPD_DBS=MYSQL&XE=N&CLIENT_SITE=localhost&LICENSE_KEY=X&SUPD_STS=1&SUPD_URS=0&SUPD_URSA=1&TYPENC=D&CLIENT_PHPVER=8.0.22&NGINX=Y&dbv=8.0.30&instm=main%2C22.0.300%2CY%3Babtest%2C21.0.0%2CN%3Badvertising%2C21.100.0%2CN%3Bb24connector%2C21.100.0%2CN%3Bbitrix.eshop%2C21.0.200%2CN%3Bbitrix.sitecommunity%2C15.5.0%2CN%3Bbitrix.sitecorporate%2C15.5.0%2CN%3Bbitrix.siteinfoportal%2C15.5.0%2CN%3Bbitrix.sitepersonal%2C15.5.0%2CN%3Bbitrixcloud%2C22.0.0%2CN%3Bbizproc%2C22.0.0%2CN%3Bbizprocdesigner%2C21.500.0%2CN%3Bblog%2C21.300.0%2CN%3Bcalendar%2C22.100.0%2CN%3Bcatalog%2C22.100.200%2CN%3Bclouds%2C22.0.0%2CN%3Bconversion%2C22.0.0%2CN%3Bcurrency%2C22.0.0%2CN%3Bfileman%2C22.0.0%2CN%3Bform%2C21.0.0%2CN%3Bforum%2C21.300.100%2CN%3Bhighloadblock%2C22.200.0%2CN%3Biblock%2C21.800.300%2CN%3Bidea%2C21.0.0%2CN%3Bim%2C22.200.100%2CN%3Blanding%2C21.1300.200%2CN%3Blearning%2C21.0.0%2CN%3Blists%2C22.0.0%2CN%3Bmail%2C22.200.100%2CN%3Bmessageservice%2C22.200.100%2CN%3Bmobileapp%2C21.0.300%2CN%3Bperfmon%2C21.0.0%2CN%3Bphotogallery%2C21.200.0%2CN%3Bpull%2C22.0.0%2CN%3Breport%2C22.0.0%2CN%3Brest%2C22.0.100%2CN%3Bsale%2C22.100.50%2CN%3Bscale%2C21.0.0%2CN%3Bsearch%2C22.0.0%2CN%3Bsecurity%2C21.200.0%2CN%3Bsender%2C22.100.0%2CN%3Bseo%2C22.0.200%2CN%3Bsocialnetwork%2C22.200.201%2CN%3Bsocialservices%2C22.0.250%2CN%3Bstatistic%2C21.0.0%2CN%3Bstoreassist%2C21.0.0%2CN%3Bsubscribe%2C21.0.0%2CN%3Bsupport%2C21.0.0%2CN%3Btranslate%2C21.100.0%2CN%3Bui%2C22.400.50%2CN%3Bvote%2C21.0.100%2CN%3Bwebservice%2C21.0.0%2CN%3Bwiki%2C21.100.0%2CN%3Bworkflow%2C21.0.0%2CN&reqm=bitrix.eshop%2Cbitrix.sitecommunity%2Cbitrix.sitecorporate%2Cbitrix.siteinfoportal%2Cbitrix.sitepersonal&fullmoduleinfo=Y&SUPD_SRS=RU&SUPD_CMP=N
2023-05-19 22:09:30 -  - exec CUpdateClientPartner::GetHTTPPage
2023-05-19 22:09:30 - ERRCONN - Error connecting 2 www.1c-bitrix.ru: [0] php_network_getaddresses: getaddrinfo failed: Этот хост неизвестен. 
2023-05-19 22:09:30 -  - TIME GetUpdatesList(request) 0 sec
2023-05-19 22:09:30 - GUL02 - РћС€РёР±РєР° СЃРѕРµРґРёРЅРµРЅРёСЏ СЃ СЃРµСЂРІРµСЂРѕРј РѕР±РЅРѕРІР»РµРЅРёР№: [0] php_network_getaddresses: getaddrinfo failed: Этот хост неизвестен. . РќРµС‚ СЃРѕРµРґРёРЅРµРЅРёСЏ СЃ СЃРµСЂРІРµСЂРѕРј РѕР±РЅРѕРІР»РµРЅРёР№. 
2023-05-19 22:09:30 -  - exec CUpdateClientPartner::__CollectRequestData
2023-05-19 22:09:30 -  - exec CUpdateClientPartner::GetHTTPPage
2023-05-19 22:09:30 - ERRCONN - Error connecting 2 www.1c-bitrix.ru: [0] php_network_getaddresses: getaddrinfo failed: Этот хост неизвестен. 
2023-05-19 22:09:37 -  - exec CUpdateClientPartner::__CollectRequestData
2023-05-19 22:09:37 -  - exec CUpdateClientPartner::GetHTTPPage
2023-05-19 22:09:37 - ERRCONN - Error connecting 2 www.1c-bitrix.ru: [0] php_network_getaddresses: getaddrinfo failed: Этот хост неизвестен. 
2023-05-19 22:09:37 -  - exec CUpdateClientPartner::GetUpdatesList
2023-05-19 22:09:37 -  - exec CUpdateClientPartner::__CollectRequestData
2023-05-19 22:09:37 -  - utf=Y&lang=ru&stable=Y&CANGZIP=Y&SUPD_DBS=MYSQL&XE=N&CLIENT_SITE=localhost&LICENSE_KEY=X&SUPD_STS=1&SUPD_URS=0&SUPD_URSA=1&TYPENC=D&CLIENT_PHPVER=8.0.22&NGINX=Y&dbv=8.0.30&instm=main%2C22.0.300%2CY%3Babtest%2C21.0.0%2CN%3Badvertising%2C21.100.0%2CN%3Bb24connector%2C21.100.0%2CN%3Bbitrix.eshop%2C21.0.200%2CN%3Bbitrix.sitecommunity%2C15.5.0%2CN%3Bbitrix.sitecorporate%2C15.5.0%2CN%3Bbitrix.siteinfoportal%2C15.5.0%2CN%3Bbitrix.sitepersonal%2C15.5.0%2CN%3Bbitrixcloud%2C22.0.0%2CN%3Bbizproc%2C22.0.0%2CN%3Bbizprocdesigner%2C21.500.0%2CN%3Bblog%2C21.300.0%2CN%3Bcalendar%2C22.100.0%2CN%3Bcatalog%2C22.100.200%2CN%3Bclouds%2C22.0.0%2CN%3Bconversion%2C22.0.0%2CN%3Bcurrency%2C22.0.0%2CN%3Bfileman%2C22.0.0%2CN%3Bform%2C21.0.0%2CN%3Bforum%2C21.300.100%2CN%3Bhighloadblock%2C22.200.0%2CN%3Biblock%2C21.800.300%2CN%3Bidea%2C21.0.0%2CN%3Bim%2C22.200.100%2CN%3Blanding%2C21.1300.200%2CN%3Blearning%2C21.0.0%2CN%3Blists%2C22.0.0%2CN%3Bmail%2C22.200.100%2CN%3Bmessageservice%2C22.200.100%2CN%3Bmobileapp%2C21.0.300%2CN%3Bperfmon%2C21.0.0%2CN%3Bphotogallery%2C21.200.0%2CN%3Bpull%2C22.0.0%2CN%3Breport%2C22.0.0%2CN%3Brest%2C22.0.100%2CN%3Bsale%2C22.100.50%2CN%3Bscale%2C21.0.0%2CN%3Bsearch%2C22.0.0%2CN%3Bsecurity%2C21.200.0%2CN%3Bsender%2C22.100.0%2CN%3Bseo%2C22.0.200%2CN%3Bsocialnetwork%2C22.200.201%2CN%3Bsocialservices%2C22.0.250%2CN%3Bstatistic%2C21.0.0%2CN%3Bstoreassist%2C21.0.0%2CN%3Bsubscribe%2C21.0.0%2CN%3Bsupport%2C21.0.0%2CN%3Btranslate%2C21.100.0%2CN%3Bui%2C22.400.50%2CN%3Bvote%2C21.0.100%2CN%3Bwebservice%2C21.0.0%2CN%3Bwiki%2C21.100.0%2CN%3Bworkflow%2C21.0.0%2CN&reqm=bitrix.eshop%2Cbitrix.sitecommunity%2Cbitrix.sitecorporate%2Cbitrix.siteinfoportal%2Cbitrix.sitepersonal&fullmoduleinfo=Y&SUPD_SRS=RU&SUPD_CMP=N
2023-05-19 22:09:37 -  - exec CUpdateClientPartner::GetHTTPPage
2023-05-19 22:09:37 - ERRCONN - Error connecting 2 www.1c-bitrix.ru: [0] php_network_getaddresses: getaddrinfo failed: Этот хост неизвестен. 
2023-05-19 22:09:37 -  - TIME GetUpdatesList(request) 0 sec
2023-05-19 22:09:37 - GUL02 - РћС€РёР±РєР° СЃРѕРµРґРёРЅРµРЅРёСЏ СЃ СЃРµСЂРІРµСЂРѕРј РѕР±РЅРѕРІР»РµРЅРёР№: [0] php_network_getaddresses: getaddrinfo failed: Этот хост неизвестен. . РќРµС‚ СЃРѕРµРґРёРЅРµРЅРёСЏ СЃ СЃРµСЂРІРµСЂРѕРј РѕР±РЅРѕРІР»РµРЅРёР№. 
2023-05-19 22:09:37 -  - exec CUpdateClientPartner::__CollectRequestData
2023-05-19 22:09:37 -  - exec CUpdateClientPartner::GetHTTPPage
2023-05-19 22:09:37 - ERRCONN - Error connecting 2 www.1c-bitrix.ru: [0] php_network_getaddresses: getaddrinfo failed: Этот хост неизвестен. 
2023-05-20 22:56:28 -  - exec CUpdateClientPartner::__CollectRequestData
2023-05-20 22:56:28 -  - exec CUpdateClientPartner::GetHTTPPage
2023-05-20 22:56:29 -  - exec CUpdateClientPartner::__CollectRequestData
2023-05-20 22:56:29 -  - exec CUpdateClientPartner::GetHTTPPage
2023-05-20 22:56:29 -  - exec CUpdateClientPartner::ParseServerData
2023-05-20 22:56:29 -  - exec CUpdateClientPartner::GetUpdatesList
2023-05-20 22:56:29 -  - exec CUpdateClientPartner::__CollectRequestData
2023-05-20 22:56:29 -  - utf=Y&lang=ru&stable=Y&CANGZIP=Y&SUPD_DBS=MYSQL&XE=N&CLIENT_SITE=localhost&LICENSE_KEY=X&SUPD_STS=1&SUPD_URS=0&SUPD_URSA=1&TYPENC=D&CLIENT_PHPVER=8.0.22&NGINX=Y&dbv=8.0.30&instm=main%2C22.0.300%2CY%3Babtest%2C21.0.0%2CN%3Badvertising%2C21.100.0%2CN%3Bb24connector%2C21.100.0%2CN%3Bbitrix.eshop%2C21.0.200%2CN%3Bbitrix.sitecommunity%2C15.5.0%2CN%3Bbitrix.sitecorporate%2C15.5.0%2CN%3Bbitrix.siteinfoportal%2C15.5.0%2CN%3Bbitrix.sitepersonal%2C15.5.0%2CN%3Bbitrixcloud%2C22.0.0%2CN%3Bbizproc%2C22.0.0%2CN%3Bbizprocdesigner%2C21.500.0%2CN%3Bblog%2C21.300.0%2CN%3Bcalendar%2C22.100.0%2CN%3Bcatalog%2C22.100.200%2CN%3Bclouds%2C22.0.0%2CN%3Bconversion%2C22.0.0%2CN%3Bcurrency%2C22.0.0%2CN%3Bfileman%2C22.0.0%2CN%3Bform%2C21.0.0%2CN%3Bforum%2C21.300.100%2CN%3Bhighloadblock%2C22.200.0%2CN%3Biblock%2C21.800.300%2CN%3Bidea%2C21.0.0%2CN%3Bim%2C22.200.100%2CN%3Blanding%2C21.1300.200%2CN%3Blearning%2C21.0.0%2CN%3Blists%2C22.0.0%2CN%3Bmail%2C22.200.100%2CN%3Bmessageservice%2C22.200.100%2CN%3Bmobileapp%2C21.0.300%2CN%3Bperfmon%2C21.0.0%2CN%3Bphotogallery%2C21.200.0%2CN%3Bpull%2C22.0.0%2CN%3Breport%2C22.0.0%2CN%3Brest%2C22.0.100%2CN%3Bsale%2C22.100.50%2CN%3Bscale%2C21.0.0%2CN%3Bsearch%2C22.0.0%2CN%3Bsecurity%2C21.200.0%2CN%3Bsender%2C22.100.0%2CN%3Bseo%2C22.0.200%2CN%3Bsocialnetwork%2C22.200.201%2CN%3Bsocialservices%2C22.0.250%2CN%3Bstatistic%2C21.0.0%2CN%3Bstoreassist%2C21.0.0%2CN%3Bsubscribe%2C21.0.0%2CN%3Bsupport%2C21.0.0%2CN%3Btranslate%2C21.100.0%2CN%3Bui%2C22.400.50%2CN%3Bvote%2C21.0.100%2CN%3Bwebservice%2C21.0.0%2CN%3Bwiki%2C21.100.0%2CN%3Bworkflow%2C21.0.0%2CN&reqm=bitrix.eshop%2Cbitrix.sitecommunity%2Cbitrix.sitecorporate%2Cbitrix.siteinfoportal%2Cbitrix.sitepersonal&fullmoduleinfo=Y&SUPD_SRS=RU&SUPD_CMP=N
2023-05-20 22:56:29 -  - exec CUpdateClientPartner::GetHTTPPage
2023-05-20 22:56:30 -  - exec CUpdateClientPartner::ParseServerData
2023-05-20 22:56:30 -  - exec CUpdateClientPartner::GetUpdatesList
2023-05-20 22:56:30 -  - exec CUpdateClientPartner::__CollectRequestData
2023-05-20 22:56:30 -  - utf=Y&lang=ru&stable=Y&CANGZIP=Y&SUPD_DBS=MYSQL&XE=N&CLIENT_SITE=localhost&LICENSE_KEY=X&SUPD_STS=1&SUPD_URS=0&SUPD_URSA=1&TYPENC=D&CLIENT_PHPVER=8.0.22&NGINX=Y&dbv=8.0.30&instm=main%2C22.0.300%2CY%3Babtest%2C21.0.0%2CN%3Badvertising%2C21.100.0%2CN%3Bb24connector%2C21.100.0%2CN%3Bbitrix.eshop%2C21.0.200%2CN%3Bbitrix.sitecommunity%2C15.5.0%2CN%3Bbitrix.sitecorporate%2C15.5.0%2CN%3Bbitrix.siteinfoportal%2C15.5.0%2CN%3Bbitrix.sitepersonal%2C15.5.0%2CN%3Bbitrixcloud%2C22.0.0%2CN%3Bbizproc%2C22.0.0%2CN%3Bbizprocdesigner%2C21.500.0%2CN%3Bblog%2C21.300.0%2CN%3Bcalendar%2C22.100.0%2CN%3Bcatalog%2C22.100.200%2CN%3Bclouds%2C22.0.0%2CN%3Bconversion%2C22.0.0%2CN%3Bcurrency%2C22.0.0%2CN%3Bfileman%2C22.0.0%2CN%3Bform%2C21.0.0%2CN%3Bforum%2C21.300.100%2CN%3Bhighloadblock%2C22.200.0%2CN%3Biblock%2C21.800.300%2CN%3Bidea%2C21.0.0%2CN%3Bim%2C22.200.100%2CN%3Blanding%2C21.1300.200%2CN%3Blearning%2C21.0.0%2CN%3Blists%2C22.0.0%2CN%3Bmail%2C22.200.100%2CN%3Bmessageservice%2C22.200.100%2CN%3Bmobileapp%2C21.0.300%2CN%3Bperfmon%2C21.0.0%2CN%3Bphotogallery%2C21.200.0%2CN%3Bpull%2C22.0.0%2CN%3Breport%2C22.0.0%2CN%3Brest%2C22.0.100%2CN%3Bsale%2C22.100.50%2CN%3Bscale%2C21.0.0%2CN%3Bsearch%2C22.0.0%2CN%3Bsecurity%2C21.200.0%2CN%3Bsender%2C22.100.0%2CN%3Bseo%2C22.0.200%2CN%3Bsocialnetwork%2C22.200.201%2CN%3Bsocialservices%2C22.0.250%2CN%3Bstatistic%2C21.0.0%2CN%3Bstoreassist%2C21.0.0%2CN%3Bsubscribe%2C21.0.0%2CN%3Bsupport%2C21.0.0%2CN%3Btranslate%2C21.100.0%2CN%3Bui%2C22.400.50%2CN%3Bvote%2C21.0.100%2CN%3Bwebservice%2C21.0.0%2CN%3Bwiki%2C21.100.0%2CN%3Bworkflow%2C21.0.0%2CN&reqm=bitrix.eshop%2Cbitrix.sitecommunity%2Cbitrix.sitecorporate%2Cbitrix.siteinfoportal%2Cbitrix.sitepersonal&fullmoduleinfo=Y&SUPD_SRS=RU&SUPD_CMP=N
2023-05-20 22:56:30 -  - exec CUpdateClientPartner::GetHTTPPage
2023-05-20 22:56:30 -  - TIME GetUpdatesList(request) 0.771 sec
2023-05-20 22:56:30 -  - exec CUpdateClientPartner::ParseServerData
2023-05-20 22:56:30 -  - exec CUpdateClientPartner::__CollectRequestData
2023-05-20 22:56:30 -  - exec CUpdateClientPartner::GetHTTPPage
2023-05-20 22:56:30 -  - TIME GetUpdatesList(request) 0.474 sec
2023-05-20 22:56:30 -  - exec CUpdateClientPartner::ParseServerData
2023-05-20 22:56:30 -  - exec CUpdateClientPartner::__CollectRequestData
2023-05-20 22:56:30 -  - exec CUpdateClientPartner::GetHTTPPage
2023-05-20 22:56:30 -  - exec CUpdateClientPartner::ParseServerData
2023-05-20 22:56:31 -  - exec CUpdateClientPartner::ParseServerData
2023-05-22 09:35:49 -  - exec CUpdateClientPartner::__CollectRequestData
2023-05-22 09:35:49 -  - exec CUpdateClientPartner::__CollectRequestData
2023-05-22 09:35:49 -  - exec CUpdateClientPartner::GetHTTPPage
2023-05-22 09:35:49 -  - exec CUpdateClientPartner::GetHTTPPage
2023-05-22 09:35:50 -  - exec CUpdateClientPartner::ParseServerData
2023-05-22 09:35:50 -  - exec CUpdateClientPartner::ParseServerData
2023-05-22 09:35:50 -  - exec CUpdateClientPartner::GetUpdatesList
2023-05-22 09:35:50 -  - exec CUpdateClientPartner::GetUpdatesList
2023-05-22 09:35:50 -  - exec CUpdateClientPartner::__CollectRequestData
2023-05-22 09:35:50 -  - exec CUpdateClientPartner::__CollectRequestData
2023-05-22 09:35:50 -  - utf=Y&lang=ru&stable=Y&CANGZIP=Y&SUPD_DBS=MYSQL&XE=N&CLIENT_SITE=localhost&LICENSE_KEY=X&SUPD_STS=1&SUPD_URS=0&SUPD_URSA=1&TYPENC=D&CLIENT_PHPVER=8.0.22&NGINX=Y&dbv=8.0.30&instm=main%2C22.0.300%2CY%3Babtest%2C21.0.0%2CN%3Badvertising%2C21.100.0%2CN%3Bb24connector%2C21.100.0%2CN%3Bbitrix.eshop%2C21.0.200%2CN%3Bbitrix.sitecommunity%2C15.5.0%2CN%3Bbitrix.sitecorporate%2C15.5.0%2CN%3Bbitrix.siteinfoportal%2C15.5.0%2CN%3Bbitrix.sitepersonal%2C15.5.0%2CN%3Bbitrixcloud%2C22.0.0%2CN%3Bbizproc%2C22.0.0%2CN%3Bbizprocdesigner%2C21.500.0%2CN%3Bblog%2C21.300.0%2CN%3Bcalendar%2C22.100.0%2CN%3Bcatalog%2C22.100.200%2CN%3Bclouds%2C22.0.0%2CN%3Bconversion%2C22.0.0%2CN%3Bcurrency%2C22.0.0%2CN%3Bfileman%2C22.0.0%2CN%3Bform%2C21.0.0%2CN%3Bforum%2C21.300.100%2CN%3Bhighloadblock%2C22.200.0%2CN%3Biblock%2C21.800.300%2CN%3Bidea%2C21.0.0%2CN%3Bim%2C22.200.100%2CN%3Blanding%2C21.1300.200%2CN%3Blearning%2C21.0.0%2CN%3Blists%2C22.0.0%2CN%3Bmail%2C22.200.100%2CN%3Bmessageservice%2C22.200.100%2CN%3Bmobileapp%2C21.0.300%2CN%3Bperfmon%2C21.0.0%2CN%3Bphotogallery%2C21.200.0%2CN%3Bpull%2C22.0.0%2CN%3Breport%2C22.0.0%2CN%3Brest%2C22.0.100%2CN%3Bsale%2C22.100.50%2CN%3Bscale%2C21.0.0%2CN%3Bsearch%2C22.0.0%2CN%3Bsecurity%2C21.200.0%2CN%3Bsender%2C22.100.0%2CN%3Bseo%2C22.0.200%2CN%3Bsocialnetwork%2C22.200.201%2CN%3Bsocialservices%2C22.0.250%2CN%3Bstatistic%2C21.0.0%2CN%3Bstoreassist%2C21.0.0%2CN%3Bsubscribe%2C21.0.0%2CN%3Bsupport%2C21.0.0%2CN%3Btranslate%2C21.100.0%2CN%3Bui%2C22.400.50%2CN%3Bvote%2C21.0.100%2CN%3Bwebservice%2C21.0.0%2CN%3Bwiki%2C21.100.0%2CN%3Bworkflow%2C21.0.0%2CN&reqm=bitrix.eshop%2Cbitrix.sitecommunity%2Cbitrix.sitecorporate%2Cbitrix.siteinfoportal%2Cbitrix.sitepersonal&fullmoduleinfo=Y&SUPD_SRS=RU&SUPD_CMP=Y
2023-05-22 09:35:50 -  - utf=Y&lang=ru&stable=Y&CANGZIP=Y&SUPD_DBS=MYSQL&XE=N&CLIENT_SITE=localhost&LICENSE_KEY=X&SUPD_STS=1&SUPD_URS=0&SUPD_URSA=1&TYPENC=D&CLIENT_PHPVER=8.0.22&NGINX=Y&dbv=8.0.30&instm=main%2C22.0.300%2CY%3Babtest%2C21.0.0%2CN%3Badvertising%2C21.100.0%2CN%3Bb24connector%2C21.100.0%2CN%3Bbitrix.eshop%2C21.0.200%2CN%3Bbitrix.sitecommunity%2C15.5.0%2CN%3Bbitrix.sitecorporate%2C15.5.0%2CN%3Bbitrix.siteinfoportal%2C15.5.0%2CN%3Bbitrix.sitepersonal%2C15.5.0%2CN%3Bbitrixcloud%2C22.0.0%2CN%3Bbizproc%2C22.0.0%2CN%3Bbizprocdesigner%2C21.500.0%2CN%3Bblog%2C21.300.0%2CN%3Bcalendar%2C22.100.0%2CN%3Bcatalog%2C22.100.200%2CN%3Bclouds%2C22.0.0%2CN%3Bconversion%2C22.0.0%2CN%3Bcurrency%2C22.0.0%2CN%3Bfileman%2C22.0.0%2CN%3Bform%2C21.0.0%2CN%3Bforum%2C21.300.100%2CN%3Bhighloadblock%2C22.200.0%2CN%3Biblock%2C21.800.300%2CN%3Bidea%2C21.0.0%2CN%3Bim%2C22.200.100%2CN%3Blanding%2C21.1300.200%2CN%3Blearning%2C21.0.0%2CN%3Blists%2C22.0.0%2CN%3Bmail%2C22.200.100%2CN%3Bmessageservice%2C22.200.100%2CN%3Bmobileapp%2C21.0.300%2CN%3Bperfmon%2C21.0.0%2CN%3Bphotogallery%2C21.200.0%2CN%3Bpull%2C22.0.0%2CN%3Breport%2C22.0.0%2CN%3Brest%2C22.0.100%2CN%3Bsale%2C22.100.50%2CN%3Bscale%2C21.0.0%2CN%3Bsearch%2C22.0.0%2CN%3Bsecurity%2C21.200.0%2CN%3Bsender%2C22.100.0%2CN%3Bseo%2C22.0.200%2CN%3Bsocialnetwork%2C22.200.201%2CN%3Bsocialservices%2C22.0.250%2CN%3Bstatistic%2C21.0.0%2CN%3Bstoreassist%2C21.0.0%2CN%3Bsubscribe%2C21.0.0%2CN%3Bsupport%2C21.0.0%2CN%3Btranslate%2C21.100.0%2CN%3Bui%2C22.400.50%2CN%3Bvote%2C21.0.100%2CN%3Bwebservice%2C21.0.0%2CN%3Bwiki%2C21.100.0%2CN%3Bworkflow%2C21.0.0%2CN&reqm=bitrix.eshop%2Cbitrix.sitecommunity%2Cbitrix.sitecorporate%2Cbitrix.siteinfoportal%2Cbitrix.sitepersonal&fullmoduleinfo=Y&SUPD_SRS=RU&SUPD_CMP=Y
2023-05-22 09:35:50 -  - exec CUpdateClientPartner::GetHTTPPage
2023-05-22 09:35:50 -  - exec CUpdateClientPartner::GetHTTPPage
2023-05-22 09:35:51 -  - TIME GetUpdatesList(request) 0.546 sec
2023-05-22 09:35:51 -  - exec CUpdateClientPartner::ParseServerData
2023-05-22 09:35:51 -  - exec CUpdateClientPartner::__CollectRequestData
2023-05-22 09:35:51 -  - exec CUpdateClientPartner::GetHTTPPage
2023-05-22 09:35:51 -  - TIME GetUpdatesList(request) 0.583 sec
2023-05-22 09:35:51 -  - exec CUpdateClientPartner::ParseServerData
2023-05-22 09:35:51 -  - exec CUpdateClientPartner::__CollectRequestData
2023-05-22 09:35:51 -  - exec CUpdateClientPartner::GetHTTPPage
2023-05-22 09:35:52 -  - exec CUpdateClientPartner::ParseServerData
2023-05-22 09:35:52 -  - exec CUpdateClientPartner::ParseServerData
2023-05-24 12:12:17 -  - exec CUpdateClientPartner::__CollectRequestData
2023-05-24 12:12:17 -  - exec CUpdateClientPartner::GetHTTPPage
2023-05-24 12:12:18 -  - exec CUpdateClientPartner::__CollectRequestData
2023-05-24 12:12:18 -  - exec CUpdateClientPartner::GetHTTPPage
2023-05-24 12:12:25 -  - exec CUpdateClientPartner::ParseServerData
2023-05-24 12:12:25 -  - exec CUpdateClientPartner::GetUpdatesList
2023-05-24 12:12:25 -  - exec CUpdateClientPartner::__CollectRequestData
2023-05-24 12:12:25 -  - utf=Y&lang=ru&stable=Y&CANGZIP=Y&SUPD_DBS=MYSQL&XE=N&CLIENT_SITE=localhost&LICENSE_KEY=X&SUPD_STS=1&SUPD_URS=0&SUPD_URSA=1&TYPENC=D&CLIENT_PHPVER=8.0.22&NGINX=Y&dbv=8.0.30&instm=main%2C22.0.300%2CY%3Babtest%2C21.0.0%2CN%3Badvertising%2C21.100.0%2CN%3Bb24connector%2C21.100.0%2CN%3Bbitrix.eshop%2C21.0.200%2CN%3Bbitrix.sitecommunity%2C15.5.0%2CN%3Bbitrix.sitecorporate%2C15.5.0%2CN%3Bbitrix.siteinfoportal%2C15.5.0%2CN%3Bbitrix.sitepersonal%2C15.5.0%2CN%3Bbitrixcloud%2C22.0.0%2CN%3Bbizproc%2C22.0.0%2CN%3Bbizprocdesigner%2C21.500.0%2CN%3Bblog%2C21.300.0%2CN%3Bcalendar%2C22.100.0%2CN%3Bcatalog%2C22.100.200%2CN%3Bclouds%2C22.0.0%2CN%3Bconversion%2C22.0.0%2CN%3Bcurrency%2C22.0.0%2CN%3Bfileman%2C22.0.0%2CN%3Bform%2C21.0.0%2CN%3Bforum%2C21.300.100%2CN%3Bhighloadblock%2C22.200.0%2CN%3Biblock%2C21.800.300%2CN%3Bidea%2C21.0.0%2CN%3Bim%2C22.200.100%2CN%3Blanding%2C21.1300.200%2CN%3Blearning%2C21.0.0%2CN%3Blists%2C22.0.0%2CN%3Bmail%2C22.200.100%2CN%3Bmessageservice%2C22.200.100%2CN%3Bmobileapp%2C21.0.300%2CN%3Bperfmon%2C21.0.0%2CN%3Bphotogallery%2C21.200.0%2CN%3Bpull%2C22.0.0%2CN%3Breport%2C22.0.0%2CN%3Brest%2C22.0.100%2CN%3Bsale%2C22.100.50%2CN%3Bscale%2C21.0.0%2CN%3Bsearch%2C22.0.0%2CN%3Bsecurity%2C21.200.0%2CN%3Bsender%2C22.100.0%2CN%3Bseo%2C22.0.200%2CN%3Bsocialnetwork%2C22.200.201%2CN%3Bsocialservices%2C22.0.250%2CN%3Bstatistic%2C21.0.0%2CN%3Bstoreassist%2C21.0.0%2CN%3Bsubscribe%2C21.0.0%2CN%3Bsupport%2C21.0.0%2CN%3Btranslate%2C21.100.0%2CN%3Bui%2C22.400.50%2CN%3Bvote%2C21.0.100%2CN%3Bwebservice%2C21.0.0%2CN%3Bwiki%2C21.100.0%2CN%3Bworkflow%2C21.0.0%2CN&reqm=bitrix.eshop%2Cbitrix.sitecommunity%2Cbitrix.sitecorporate%2Cbitrix.siteinfoportal%2Cbitrix.sitepersonal&fullmoduleinfo=Y&SUPD_SRS=RU&SUPD_CMP=Y
2023-05-24 12:12:25 -  - exec CUpdateClientPartner::GetHTTPPage
2023-05-24 12:12:37 -  - exec CUpdateClientPartner::ParseServerData
2023-05-24 12:12:37 -  - exec CUpdateClientPartner::GetUpdatesList
2023-05-24 12:12:37 -  - exec CUpdateClientPartner::__CollectRequestData
2023-05-24 12:12:37 -  - utf=Y&lang=ru&stable=Y&CANGZIP=Y&SUPD_DBS=MYSQL&XE=N&CLIENT_SITE=localhost&LICENSE_KEY=X&SUPD_STS=1&SUPD_URS=0&SUPD_URSA=1&TYPENC=D&CLIENT_PHPVER=8.0.22&NGINX=Y&dbv=8.0.30&instm=main%2C22.0.300%2CY%3Babtest%2C21.0.0%2CN%3Badvertising%2C21.100.0%2CN%3Bb24connector%2C21.100.0%2CN%3Bbitrix.eshop%2C21.0.200%2CN%3Bbitrix.sitecommunity%2C15.5.0%2CN%3Bbitrix.sitecorporate%2C15.5.0%2CN%3Bbitrix.siteinfoportal%2C15.5.0%2CN%3Bbitrix.sitepersonal%2C15.5.0%2CN%3Bbitrixcloud%2C22.0.0%2CN%3Bbizproc%2C22.0.0%2CN%3Bbizprocdesigner%2C21.500.0%2CN%3Bblog%2C21.300.0%2CN%3Bcalendar%2C22.100.0%2CN%3Bcatalog%2C22.100.200%2CN%3Bclouds%2C22.0.0%2CN%3Bconversion%2C22.0.0%2CN%3Bcurrency%2C22.0.0%2CN%3Bfileman%2C22.0.0%2CN%3Bform%2C21.0.0%2CN%3Bforum%2C21.300.100%2CN%3Bhighloadblock%2C22.200.0%2CN%3Biblock%2C21.800.300%2CN%3Bidea%2C21.0.0%2CN%3Bim%2C22.200.100%2CN%3Blanding%2C21.1300.200%2CN%3Blearning%2C21.0.0%2CN%3Blists%2C22.0.0%2CN%3Bmail%2C22.200.100%2CN%3Bmessageservice%2C22.200.100%2CN%3Bmobileapp%2C21.0.300%2CN%3Bperfmon%2C21.0.0%2CN%3Bphotogallery%2C21.200.0%2CN%3Bpull%2C22.0.0%2CN%3Breport%2C22.0.0%2CN%3Brest%2C22.0.100%2CN%3Bsale%2C22.100.50%2CN%3Bscale%2C21.0.0%2CN%3Bsearch%2C22.0.0%2CN%3Bsecurity%2C21.200.0%2CN%3Bsender%2C22.100.0%2CN%3Bseo%2C22.0.200%2CN%3Bsocialnetwork%2C22.200.201%2CN%3Bsocialservices%2C22.0.250%2CN%3Bstatistic%2C21.0.0%2CN%3Bstoreassist%2C21.0.0%2CN%3Bsubscribe%2C21.0.0%2CN%3Bsupport%2C21.0.0%2CN%3Btranslate%2C21.100.0%2CN%3Bui%2C22.400.50%2CN%3Bvote%2C21.0.100%2CN%3Bwebservice%2C21.0.0%2CN%3Bwiki%2C21.100.0%2CN%3Bworkflow%2C21.0.0%2CN&reqm=bitrix.eshop%2Cbitrix.sitecommunity%2Cbitrix.sitecorporate%2Cbitrix.siteinfoportal%2Cbitrix.sitepersonal&fullmoduleinfo=Y&SUPD_SRS=RU&SUPD_CMP=Y
2023-05-24 12:12:37 -  - exec CUpdateClientPartner::GetHTTPPage
2023-05-24 12:12:43 -  - TIME GetUpdatesList(request) 17.464 sec
2023-05-24 12:12:43 -  - exec CUpdateClientPartner::ParseServerData
2023-05-24 12:12:43 -  - exec CUpdateClientPartner::__CollectRequestData
2023-05-24 12:12:43 -  - exec CUpdateClientPartner::GetHTTPPage
2023-05-24 12:12:44 -  - exec CUpdateClientPartner::ParseServerData
2023-05-24 12:12:45 -  - TIME GetUpdatesList(request) 8.098 sec
2023-05-24 12:12:45 -  - exec CUpdateClientPartner::ParseServerData
2023-05-24 12:12:45 -  - exec CUpdateClientPartner::__CollectRequestData
2023-05-24 12:12:45 -  - exec CUpdateClientPartner::GetHTTPPage
2023-05-24 12:12:48 -  - exec CUpdateClientPartner::ParseServerData
2023-05-25 12:28:41 -  - exec CUpdateClientPartner::__CollectRequestData
2023-05-25 12:28:41 -  - exec CUpdateClientPartner::GetHTTPPage
2023-05-25 12:28:43 -  - exec CUpdateClientPartner::ParseServerData
2023-05-25 12:28:43 -  - exec CUpdateClientPartner::GetUpdatesList
2023-05-25 12:28:43 -  - exec CUpdateClientPartner::__CollectRequestData
2023-05-25 12:28:43 -  - utf=Y&lang=ru&stable=Y&CANGZIP=Y&SUPD_DBS=MYSQL&XE=N&CLIENT_SITE=localhost&LICENSE_KEY=X&SUPD_STS=1&SUPD_URS=0&SUPD_URSA=1&TYPENC=D&CLIENT_PHPVER=8.0.22&NGINX=Y&dbv=8.0.30&instm=main%2C22.600.300%2CY%3Babtest%2C21.0.0%2CN%3Badvertising%2C21.100.0%2CN%3Bb24connector%2C22.0.0%2CN%3Bbitrix.eshop%2C21.0.200%2CN%3Bbitrix.sitecommunity%2C15.5.0%2CN%3Bbitrix.sitecorporate%2C15.5.0%2CN%3Bbitrix.siteinfoportal%2C15.5.0%2CN%3Bbitrix.sitepersonal%2C15.5.0%2CN%3Bbitrixcloud%2C22.100.0%2CN%3Bbizproc%2C23.100.0%2CN%3Bbizprocdesigner%2C23.0.0%2CN%3Bblog%2C22.0.0%2CN%3Bcalendar%2C23.100.100%2CN%3Bcatalog%2C23.0.0%2CN%3Bclouds%2C22.200.0%2CN%3Bconversion%2C22.0.0%2CN%3Bcurrency%2C22.500.0%2CN%3Bfileman%2C22.300.0%2CN%3Bform%2C22.0.0%2CN%3Bforum%2C23.0.0%2CN%3Bhighloadblock%2C22.200.0%2CN%3Biblock%2C22.400.200%2CN%3Bidea%2C21.0.0%2CN%3Bim%2C22.1200.0%2CN%3Blanding%2C23.100.100%2CN%3Blearning%2C22.0.0%2CN%3Blists%2C23.100.0%2CN%3Blocation%2C22.400.0%2CN%3Bmail%2C22.700.0%2CN%3Bmessageservice%2C23.0.0%2CN%3Bmobileapp%2C23.0.0%2CN%3Bperfmon%2C21.0.0%2CN%3Bphotogallery%2C22.0.200%2CN%3Bpull%2C23.0.0%2CN%3Breport%2C22.200.50%2CN%3Brest%2C22.700.0%2CN%3Bsale%2C23.100.0%2CN%3Bscale%2C21.0.0%2CN%3Bsearch%2C22.100.0%2CN%3Bsecurity%2C21.300.0%2CN%3Bsender%2C23.0.0%2CN%3Bseo%2C23.100.0%2CN%3Bsocialnetwork%2C22.600.300%2CN%3Bsocialservices%2C22.200.200%2CN%3Bstatistic%2C22.0.0%2CN%3Bstoreassist%2C21.0.0%2CN%3Bsubscribe%2C21.0.0%2CN%3Bsupport%2C23.0.0%2CN%3Btranslate%2C23.200.0%2CN%3Bui%2C22.1300.0%2CN%3Bvote%2C23.0.0%2CN%3Bwebservice%2C21.0.0%2CN%3Bwiki%2C23.0.0%2CN%3Bworkflow%2C21.0.0%2CN&reqm=bitrix.eshop%2Cbitrix.sitecommunity%2Cbitrix.sitecorporate%2Cbitrix.siteinfoportal%2Cbitrix.sitepersonal&fullmoduleinfo=Y&SUPD_SRS=RU&SUPD_CMP=Y
2023-05-25 12:28:43 -  - exec CUpdateClientPartner::GetHTTPPage
2023-05-25 12:28:44 -  - TIME GetUpdatesList(request) 1.077 sec
2023-05-25 12:28:44 -  - exec CUpdateClientPartner::ParseServerData
2023-05-25 12:28:44 -  - exec CUpdateClientPartner::__CollectRequestData
2023-05-25 12:28:44 -  - exec CUpdateClientPartner::GetHTTPPage
2023-05-25 12:28:44 -  - exec CUpdateClientPartner::ParseServerData
2023-05-25 12:28:45 -  - exec CUpdateClientPartner::__CollectRequestData
2023-05-25 12:28:45 -  - exec CUpdateClientPartner::GetHTTPPage
2023-05-25 12:28:45 -  - exec CUpdateClientPartner::ParseServerData
2023-05-25 12:28:45 -  - exec CUpdateClientPartner::GetUpdatesList
2023-05-25 12:28:45 -  - exec CUpdateClientPartner::__CollectRequestData
2023-05-25 12:28:45 -  - utf=Y&lang=ru&stable=Y&CANGZIP=Y&SUPD_DBS=MYSQL&XE=N&CLIENT_SITE=localhost&LICENSE_KEY=X&SUPD_STS=1&SUPD_URS=0&SUPD_URSA=1&TYPENC=D&CLIENT_PHPVER=8.0.22&NGINX=Y&dbv=8.0.30&instm=main%2C22.600.300%2CY%3Babtest%2C21.0.0%2CN%3Badvertising%2C21.100.0%2CN%3Bb24connector%2C22.0.0%2CN%3Bbitrix.eshop%2C21.0.200%2CN%3Bbitrix.sitecommunity%2C15.5.0%2CN%3Bbitrix.sitecorporate%2C15.5.0%2CN%3Bbitrix.siteinfoportal%2C15.5.0%2CN%3Bbitrix.sitepersonal%2C15.5.0%2CN%3Bbitrixcloud%2C22.100.0%2CN%3Bbizproc%2C23.100.0%2CN%3Bbizprocdesigner%2C23.0.0%2CN%3Bblog%2C22.0.0%2CN%3Bcalendar%2C23.100.100%2CN%3Bcatalog%2C23.0.0%2CN%3Bclouds%2C22.200.0%2CN%3Bconversion%2C22.0.0%2CN%3Bcurrency%2C22.500.0%2CN%3Bfileman%2C22.300.0%2CN%3Bform%2C22.0.0%2CN%3Bforum%2C23.0.0%2CN%3Bhighloadblock%2C22.200.0%2CN%3Biblock%2C22.400.200%2CN%3Bidea%2C21.0.0%2CN%3Bim%2C22.1200.0%2CN%3Blanding%2C23.100.100%2CN%3Blearning%2C22.0.0%2CN%3Blists%2C23.100.0%2CN%3Blocation%2C22.400.0%2CN%3Bmail%2C22.700.0%2CN%3Bmessageservice%2C23.0.0%2CN%3Bmobileapp%2C23.0.0%2CN%3Bperfmon%2C21.0.0%2CN%3Bphotogallery%2C22.0.200%2CN%3Bpull%2C23.0.0%2CN%3Breport%2C22.200.50%2CN%3Brest%2C22.700.0%2CN%3Bsale%2C23.100.0%2CN%3Bscale%2C21.0.0%2CN%3Bsearch%2C22.100.0%2CN%3Bsecurity%2C21.300.0%2CN%3Bsender%2C23.0.0%2CN%3Bseo%2C23.100.0%2CN%3Bsocialnetwork%2C22.600.300%2CN%3Bsocialservices%2C22.200.200%2CN%3Bstatistic%2C22.0.0%2CN%3Bstoreassist%2C21.0.0%2CN%3Bsubscribe%2C21.0.0%2CN%3Bsupport%2C23.0.0%2CN%3Btranslate%2C23.200.0%2CN%3Bui%2C22.1300.0%2CN%3Bvote%2C23.0.0%2CN%3Bwebservice%2C21.0.0%2CN%3Bwiki%2C23.0.0%2CN%3Bworkflow%2C21.0.0%2CN&reqm=bitrix.eshop%2Cbitrix.sitecommunity%2Cbitrix.sitecorporate%2Cbitrix.siteinfoportal%2Cbitrix.sitepersonal&fullmoduleinfo=Y&SUPD_SRS=RU&SUPD_CMP=Y
2023-05-25 12:28:45 -  - exec CUpdateClientPartner::GetHTTPPage
2023-05-25 12:28:45 -  - TIME GetUpdatesList(request) 0.304 sec
2023-05-25 12:28:45 -  - exec CUpdateClientPartner::ParseServerData
2023-05-25 12:28:45 -  - exec CUpdateClientPartner::__CollectRequestData
2023-05-25 12:28:45 -  - exec CUpdateClientPartner::GetHTTPPage
2023-05-25 12:28:46 -  - exec CUpdateClientPartner::ParseServerData
